[19:23:16] [ServerMain/INFO]: [bootstrap] Running Java 23 (Java HotSpot(TM) 64-Bit Server VM 23.0.2+7-58; Oracle Corporation null) on Windows 10 10.0 (amd64)
[19:23:16] [ServerMain/INFO]: [bootstrap] Loading Paper 1.21.4-185-main@0a6e743 (2025-02-26T13:10:43Z) for Minecraft 1.21.4
[19:23:17] [ServerMain/WARN]: [oshi.util.platform.windows.PerfDataUtil] Failed to add PDH Counter: \Paging File(_Total)\% Usage, Error code: 0xC0000BB8
[19:23:17] [ServerMain/WARN]: [oshi.util.platform.windows.PerfCounterQueryHandler] Failed to add counter for PDH counter: \Paging File(_Total)\% Usage
[19:23:17] [ServerMain/INFO]: [oshi.util.platform.windows.PerfCounterQuery] Disabling further attempts to query Paging File.
[19:23:18] [ServerMain/WARN]: [oshi.util.platform.windows.WmiQueryHandler] COM exception: Invalid Query: SELECT PERCENTUSAGE FROM Win32_PerfRawData_PerfOS_PagingFile
[19:23:18] [ServerMain/INFO]: [PluginInitializerManager] Initializing plugins...
[19:23:20] [ServerMain/INFO]: [PluginInitializerManager] Initialized 2 plugins
[19:23:20] [ServerMain/INFO]: [PluginInitializerManager] Bukkit plugins (2):
 - Geyser-Spigot (2.6.1-SNAPSHOT), floodgate (2.2.4-SNAPSHOT (b116-0e3163c))
[19:23:31] [ServerMain/INFO]: Environment: Environment[sessionHost=https://sessionserver.mojang.com, servicesHost=https://api.minecraftservices.com, name=PROD]
[19:23:41] [ServerMain/INFO]: Loaded 1370 recipes
[19:23:41] [ServerMain/INFO]: Loaded 1481 advancements
[19:23:41] [ServerMain/INFO]: [MCTypeRegistry] Initialising converters for DataConverter...
[19:23:41] [ServerMain/INFO]: [MCTypeRegistry] Finished initialising converters for DataConverter in 450,1ms
[19:23:41] [Server thread/INFO]: Starting minecraft server version 1.21.4
[19:23:41] [Server thread/INFO]: Loading properties
[19:23:41] [Server thread/INFO]: This server is running Paper version 1.21.4-185-main@0a6e743 (2025-02-26T13:10:43Z) (Implementing API version 1.21.4-R0.1-SNAPSHOT)
[19:23:42] [Server thread/INFO]: [spark] This server bundles the spark profiler. For more information please visit https://docs.papermc.io/paper/profiling
[19:23:42] [Server thread/INFO]: Server Ping Player Sample Count: 12
[19:23:42] [Server thread/INFO]: Using 4 threads for Netty based IO
[19:23:43] [Server thread/INFO]: [MoonriseCommon] Paper is using 1 worker threads, 1 I/O threads
[19:23:43] [Server thread/INFO]: [ChunkTaskScheduler] Chunk system is using population gen parallelism: true
[19:23:44] [Server thread/INFO]: Default game type: SURVIVAL
[19:23:44] [Server thread/INFO]: Generating keypair
[19:23:44] [Server thread/INFO]: Starting Minecraft server on 192.168.2.100:25565
[19:23:44] [Server thread/INFO]: Using default channel type
[19:23:44] [Server thread/INFO]: Paper: Using Java compression from Velocity.
[19:23:44] [Server thread/INFO]: Paper: Using Java cipher from Velocity.
[19:23:45] [Server thread/INFO]: [floodgate] Loading server plugin floodgate v2.2.4-SNAPSHOT (b116-0e3163c)
[19:23:47] [Server thread/INFO]: [floodgate] Floodgate wurde in 2.260 ms gestartet
[19:23:47] [Server thread/INFO]: [Geyser-Spigot] Loading server plugin Geyser-Spigot v2.6.1-SNAPSHOT
[19:23:49] [Server thread/INFO]: [Geyser-Spigot] Lade Erweiterungen...
[19:23:49] [Server thread/INFO]: [Geyser-Spigot] 0 Erweiterung(en) geladen
[19:23:49] [Server thread/INFO]: Server permissions file permissions.yml is empty, ignoring it
[19:23:49] [Server thread/WARN]: **** SERVER IS RUNNING IN OFFLINE/INSECURE MODE!
[19:23:49] [Server thread/WARN]: The server will make no attempt to authenticate usernames. Beware.
[19:23:49] [Server thread/WARN]: While this makes the game possible to play without internet access, it also opens up the ability for hackers to connect with any username they choose.
[19:23:49] [Server thread/WARN]: To change this, set "online-mode" to "true" in the server.properties file.
[19:23:49] [Server thread/INFO]: Preparing level "castellum"
[19:23:50] [Server thread/INFO]: Preparing start region for dimension minecraft:overworld
[19:23:50] [Server thread/INFO]: Preparing spawn area: 0%
[19:23:50] [Server thread/INFO]: Preparing spawn area: 2%
[19:23:51] [Server thread/INFO]: Preparing spawn area: 2%
[19:23:51] [Server thread/INFO]: Preparing spawn area: 2%
[19:23:51] [Server thread/INFO]: Time elapsed: 1703 ms
[19:23:51] [Server thread/INFO]: Preparing start region for dimension minecraft:the_end
[19:23:52] [Server thread/INFO]: Preparing spawn area: 0%
[19:23:52] [Server thread/INFO]: Time elapsed: 424 ms
[19:23:52] [Server thread/INFO]: [floodgate] Enabling floodgate v2.2.4-SNAPSHOT (b116-0e3163c)
[19:23:53] [Server thread/INFO]: [Geyser-Spigot] Enabling Geyser-Spigot v2.6.1-SNAPSHOT
[19:23:54] [Server thread/INFO]: [spark] Starting background profiler...
[19:23:54] [Server thread/INFO]: [spark] The async-profiler engine is not supported for your os/arch (windows10/amd64), so the built-in Java engine will be used instead.
[19:23:54] [Server thread/INFO]: [Geyser-Spigot] ******************************************
[19:23:54] [Server thread/INFO]: [Geyser-Spigot] 
[19:23:54] [Server thread/INFO]: [Geyser-Spigot] Geyser Version 2.6.1-b775 (git-master-97cc876) wird geladen
[19:23:54] [Server thread/INFO]: [Geyser-Spigot] 
[19:23:54] [Server thread/INFO]: [Geyser-Spigot] ******************************************
[19:24:05] [spark-java-sampler-0-1/WARN]: [spark] Timed out waiting for world statistics
[19:24:05] [Server thread/INFO]: [Geyser-Spigot] Geyser auf UDP-Port 25565 gestartet
[19:24:05] [Server thread/INFO]: [Geyser-Spigot] Fertig (10,972s)! Verwende /geyser help für Hilfe!
[19:24:05] [Server thread/INFO]: Done preparing level "castellum" (16.240s)
[19:24:05] [Server thread/INFO]: Running delayed init tasks
[19:24:05] [Server thread/INFO]: Done (50.988s)! For help, type "help"
[19:24:21] [Server thread/INFO]: Saving the game (this may take a moment!)
[19:24:21] [Server thread/INFO]: Saved the game
[19:24:23] [Server thread/INFO]: Stopping the server
[19:24:23] [Server thread/INFO]: Stopping server
[19:24:23] [Server thread/INFO]: [Geyser-Spigot] Disabling Geyser-Spigot v2.6.1-SNAPSHOT
[19:24:23] [Server thread/INFO]: [Geyser-Spigot] Geyser wird beendet.
[19:24:23] [Server thread/INFO]: [Geyser-Spigot] Geyser erfolgreich beendet.
[19:24:23] [Server thread/INFO]: [floodgate] Disabling floodgate v2.2.4-SNAPSHOT (b116-0e3163c)
[19:24:23] [WebSocketConnectReadThread-74/INFO]: [Geyser-Spigot] The skin uploader has been closed
[19:24:23] [Server thread/INFO]: Saving players
[19:24:24] [Server thread/INFO]: Saving worlds
[19:24:24] [Server thread/INFO]: Saving chunks for level 'ServerLevel[castellum]'/minecraft:overworld
[19:24:24] [Server thread/INFO]: [ChunkHolderManager] Waiting 60s for chunk system to halt for world 'castellum'
[19:24:24] [Server thread/INFO]: [ChunkHolderManager] Halted chunk system for world 'castellum'
[19:24:24] [Server thread/INFO]: [ChunkHolderManager] Saving all chunkholders for world 'castellum'
[19:24:24] [Server thread/INFO]: [ChunkHolderManager] Saved 0 block chunks, 7 entity chunks, 0 poi chunks in world 'castellum' in 0,03s
[19:24:24] [Server thread/INFO]: [ChunkHolderManager] Waiting 60s for chunk I/O to halt for world 'castellum'
[19:24:24] [Server thread/INFO]: [ChunkHolderManager] Halted I/O scheduler for world 'castellum'
[19:24:24] [Server thread/INFO]: Saving chunks for level 'ServerLevel[castellum_the_end]'/minecraft:the_end
[19:24:24] [Server thread/INFO]: [ChunkHolderManager] Waiting 60s for chunk system to halt for world 'castellum_the_end'
[19:24:24] [Server thread/INFO]: [ChunkHolderManager] Halted chunk system for world 'castellum_the_end'
[19:24:24] [Server thread/INFO]: [ChunkHolderManager] Saving all chunkholders for world 'castellum_the_end'
[19:24:24] [Server thread/INFO]: [ChunkHolderManager] Saved 0 block chunks, 10 entity chunks, 0 poi chunks in world 'castellum_the_end' in 0,02s
[19:24:24] [Server thread/INFO]: [ChunkHolderManager] Waiting 60s for chunk I/O to halt for world 'castellum_the_end'
[19:24:24] [Server thread/INFO]: [ChunkHolderManager] Halted I/O scheduler for world 'castellum_the_end'
[19:24:24] [Server thread/INFO]: ThreadedAnvilChunkStorage (castellum): All chunks are saved
[19:24:24] [Server thread/INFO]: ThreadedAnvilChunkStorage (DIM1): All chunks are saved
[19:24:24] [Server thread/INFO]: ThreadedAnvilChunkStorage: All dimensions are saved
[19:24:24] [Server thread/INFO]: Waiting for I/O tasks to complete...
[19:24:24] [Server thread/INFO]: All I/O tasks to complete
[19:24:24] [Server thread/INFO]: [MoonriseCommon] Awaiting termination of worker pool for up to 60s...
[19:24:24] [Server thread/INFO]: [MoonriseCommon] Awaiting termination of I/O pool for up to 60s...
